<?xml version="1.0" encoding="UTF-8"?>
<!-- Generated by org.testng.reporters.JUnitXMLReporter -->
<testsuite hostname="DESKTOP-OUBE3OH" failures="0" tests="3" name="Test" time="291.776" errors="0" timestamp="4 Jan 2024 13:57:02 GMT">
  <testcase classname="org.testing.TestScripts.Final_TC1" name="Trending_Click" time="4.969"/>
  <testcase classname="org.testing.TestScripts.Final_TC2" name="Click_History" time="2.301"/>
  <testcase classname="org.testing.TestScripts.Final_TC3" name="Click_Subscription" time="2.39"/>
</testsuite> <!-- Test -->
